<?xml version="1.0" encoding="UTF-8"?>
<!-- Generated by org.testng.reporters.JUnitXMLReporter -->
<testsuite ignored="0" hostname="Giri" failures="0" tests="5" name="Test" time="1.793" errors="0" timestamp="2024-09-09T00:00:49 IST">
  <testcase classname="testBase.BaseClass" name="@BeforeClass setup" time="0.018">
    <failure type="java.lang.NullPointerException" message="Cannot invoke &amp;quot;String.length()&amp;quot; because &amp;quot;this.input&amp;quot; is null">
      <![CDATA[java.lang.NullPointerException: Cannot invoke "String.length()" because "this.input" is null
at java.base/java.net.URI$Parser.parse(URI.java:3186)
at java.base/java.net.URI.<init>(URI.java:645)
at testBase.BaseClass.setup(BaseClass.java:51)
at java.base/java.util.ArrayList.forEach(ArrayList.java:1596)
... Removed 23 stack frames]]>
    </failure>
  </testcase> <!-- @BeforeClass setup -->
  <testcase classname="testBase.BaseClass" name="@AfterClass tearDown" time="0.0">
    <skipped/>
  </testcase> <!-- @AfterClass tearDown -->
  <testcase classname="testCases.TC003_LoginDataDrivenTestCase_DDT" name="verify_loginDDT" time="0.001">
    <skipped/>
  </testcase> <!-- verify_loginDDT -->
  <testcase classname="testCases.TC003_LoginDataDrivenTestCase_DDT" name="verify_loginDDT" time="0.001">
    <skipped/>
  </testcase> <!-- verify_loginDDT -->
  <testcase classname="testCases.TC003_LoginDataDrivenTestCase_DDT" name="verify_loginDDT" time="0.0">
    <skipped/>
  </testcase> <!-- verify_loginDDT -->
  <testcase classname="testCases.TC003_LoginDataDrivenTestCase_DDT" name="verify_loginDDT" time="0.0">
    <skipped/>
  </testcase> <!-- verify_loginDDT -->
  <testcase classname="testCases.TC003_LoginDataDrivenTestCase_DDT" name="verify_loginDDT" time="0.001">
    <skipped/>
  </testcase> <!-- verify_loginDDT -->
</testsuite> <!-- Test -->
